
[git diff at 22f9d730898d2dfcc03a484e65e1f8fc3675225f]:

diff --git a/xmlIO.c b/xmlIO.c
index 7f82f4b8..789fc5e7 100644
--- a/xmlIO.c
+++ b/xmlIO.c
@@ -498,7 +498,8 @@ xmlIOErr(int err)
 #ifdef ENOTDIR
         case ENOTDIR: code = XML_IO_ENOTDIR; break;
 #endif
-#ifdef ENOTEMPTY
+/* AIX uses the same value for ENOTEMPTY and EEXIST */
+#if defined(ENOTEMPTY) && ENOTEMPTY != EEXIST
         case ENOTEMPTY: code = XML_IO_ENOTEMPTY; break;
 #endif
 #ifdef ENOTSUP


============================================================
[STEP 2] Extracting changed functions...
============================================================
changed_files: ['xmlIO.c']

xmlIO.c:
  - xmlIOErr

============================================================
[STEP 3] Finding related public APIs using LSP...
============================================================
[ERROR] nm failed for /home/nina/Desktop/ci_fuzzer/libs/libxml2/.libs/libxml2.la: Command '['nm', '-g', '--defined-only', '/home/nina/Desktop/ci_fuzzer/libs/libxml2/.libs/libxml2.la']' returned non-zero exit status 1.
[INFO] Extracted 1365 public APIs from: /home/nina/Desktop/ci_fuzzer/libs/libxml2/.libs/libxml2.so, /home/nina/Desktop/ci_fuzzer/libs/libxml2/.libs/libxml2.la
[DEBUG] Sample public APIs: ['xmlParseSystemLiteral', 'xmlParserGetDirectory', 'xmlSaveSetIndentString', 'xmlRelaxNGNewMemParserCtxt', 'xmlTextWriterStartDTDEntity', 'xmlGetNsProp', 'xmlXPathStringLengthFunction', 'xmlAutomataNewNegTrans', 'xmlCopyChar', 'xmlXPathRegisterAllFunctions']

[STEP 3.1] Finding directly related public APIs...

[STEP 3.2] Building call graph to find indirectly related APIs...
[INFO] This may take a while...
[INFO] clangd LSP server started successfully
[BFS] Start from changed function: xmlIOErr in /home/nina/Desktop/ci_fuzzer/libs/libxml2/xmlIO.c
[BFS] Queue: [('xmlIOErr', '/home/nina/Desktop/ci_fuzzer/libs/libxml2/xmlIO.c', 0)]
[BFS] Visiting: xmlIOErr (file: /home/nina/Desktop/ci_fuzzer/libs/libxml2/xmlIO.c, depth: 0)
[LSP] Found caller: xmlFdClose -> xmlIOErr
[LSP] Found caller: xmlFdRead -> xmlIOErr
[LSP] Found caller: xmlFileClose -> xmlIOErr
[LSP] Found caller: xmlFileFlush -> xmlIOErr
[LSP] Found caller: xmlFileRead -> xmlIOErr
[LSP] Found caller: xmlInputFromFd -> xmlIOErr
[BFS] Callers of xmlIOErr: {'xmlFileClose', 'xmlFdRead', 'xmlFileRead', 'xmlFdClose', 'xmlInputFromFd', 'xmlFileFlush'}
[BFS] Enqueue caller: xmlFileClose (file: /home/nina/Desktop/ci_fuzzer/libs/libxml2/xmlIO.c, depth: 1)
[BFS] Enqueue caller: xmlFdRead (file: /home/nina/Desktop/ci_fuzzer/libs/libxml2/xmlIO.c, depth: 1)
[BFS] Enqueue caller: xmlFileRead (file: /home/nina/Desktop/ci_fuzzer/libs/libxml2/xmlIO.c, depth: 1)
[BFS] Enqueue caller: xmlFdClose (file: /home/nina/Desktop/ci_fuzzer/libs/libxml2/xmlIO.c, depth: 1)
[BFS] Enqueue caller: xmlInputFromFd (file: /home/nina/Desktop/ci_fuzzer/libs/libxml2/xmlIO.c, depth: 1)
[BFS] Enqueue caller: xmlFileFlush (file: /home/nina/Desktop/ci_fuzzer/libs/libxml2/xmlIO.c, depth: 1)
[BFS] Queue: [('xmlFileClose', '/home/nina/Desktop/ci_fuzzer/libs/libxml2/xmlIO.c', 1), ('xmlFdRead', '/home/nina/Desktop/ci_fuzzer/libs/libxml2/xmlIO.c', 1), ('xmlFileRead', '/home/nina/Desktop/ci_fuzzer/libs/libxml2/xmlIO.c', 1), ('xmlFdClose', '/home/nina/Desktop/ci_fuzzer/libs/libxml2/xmlIO.c', 1), ('xmlInputFromFd', '/home/nina/Desktop/ci_fuzzer/libs/libxml2/xmlIO.c', 1), ('xmlFileFlush', '/home/nina/Desktop/ci_fuzzer/libs/libxml2/xmlIO.c', 1)]
[BFS] Visiting: xmlFileClose (file: /home/nina/Desktop/ci_fuzzer/libs/libxml2/xmlIO.c, depth: 1)
[LSP FOUND] 'xmlFileClose' is related (depth=1)
[BFS] Queue: [('xmlFdRead', '/home/nina/Desktop/ci_fuzzer/libs/libxml2/xmlIO.c', 1), ('xmlFileRead', '/home/nina/Desktop/ci_fuzzer/libs/libxml2/xmlIO.c', 1), ('xmlFdClose', '/home/nina/Desktop/ci_fuzzer/libs/libxml2/xmlIO.c', 1), ('xmlInputFromFd', '/home/nina/Desktop/ci_fuzzer/libs/libxml2/xmlIO.c', 1), ('xmlFileFlush', '/home/nina/Desktop/ci_fuzzer/libs/libxml2/xmlIO.c', 1)]
[BFS] Visiting: xmlFdRead (file: /home/nina/Desktop/ci_fuzzer/libs/libxml2/xmlIO.c, depth: 1)
[BFS] Callers of xmlFdRead: set()
[BFS] Queue: [('xmlFileRead', '/home/nina/Desktop/ci_fuzzer/libs/libxml2/xmlIO.c', 1), ('xmlFdClose', '/home/nina/Desktop/ci_fuzzer/libs/libxml2/xmlIO.c', 1), ('xmlInputFromFd', '/home/nina/Desktop/ci_fuzzer/libs/libxml2/xmlIO.c', 1), ('xmlFileFlush', '/home/nina/Desktop/ci_fuzzer/libs/libxml2/xmlIO.c', 1)]
[BFS] Visiting: xmlFileRead (file: /home/nina/Desktop/ci_fuzzer/libs/libxml2/xmlIO.c, depth: 1)
[LSP FOUND] 'xmlFileRead' is related (depth=1)
[BFS] Queue: [('xmlFdClose', '/home/nina/Desktop/ci_fuzzer/libs/libxml2/xmlIO.c', 1), ('xmlInputFromFd', '/home/nina/Desktop/ci_fuzzer/libs/libxml2/xmlIO.c', 1), ('xmlFileFlush', '/home/nina/Desktop/ci_fuzzer/libs/libxml2/xmlIO.c', 1)]
[BFS] Visiting: xmlFdClose (file: /home/nina/Desktop/ci_fuzzer/libs/libxml2/xmlIO.c, depth: 1)
[BFS] Callers of xmlFdClose: set()
[BFS] Queue: [('xmlInputFromFd', '/home/nina/Desktop/ci_fuzzer/libs/libxml2/xmlIO.c', 1), ('xmlFileFlush', '/home/nina/Desktop/ci_fuzzer/libs/libxml2/xmlIO.c', 1)]
[BFS] Visiting: xmlInputFromFd (file: /home/nina/Desktop/ci_fuzzer/libs/libxml2/xmlIO.c, depth: 1)
[BFS] Callers of xmlInputFromFd: set()
[BFS] Queue: [('xmlFileFlush', '/home/nina/Desktop/ci_fuzzer/libs/libxml2/xmlIO.c', 1)]
[BFS] Visiting: xmlFileFlush (file: /home/nina/Desktop/ci_fuzzer/libs/libxml2/xmlIO.c, depth: 1)
[BFS] Callers of xmlFileFlush: set()

[INDIRECT] Found 2 indirectly related public APIs:
  - xmlFileClose
  - xmlFileRead

[RESULT] Found 2 related public APIs:
  - xmlFileClose
  - xmlFileRead
